<?xml version="1.0" encoding="UTF-8"?>
<testsuite name="org.team100.KinematicsTest" tests="2" skipped="0" failures="0" errors="0" timestamp="2025-09-14T05:04:19" hostname="Marcelos-MacBook-Pro.local" time="0.014">
  <properties/>
  <testcase name="testForward()" classname="org.team100.KinematicsTest" time="0.011"/>
  <testcase name="testInverse()" classname="org.team100.KinematicsTest" time="0.002"/>
  <system-out><![CDATA[X 0.3
Y 0.1
Angle 0.0
WristX: 0.19999999999999998
WristY: 0.0
GripX: 0.19999999999999998
GripY: 0.0
Distance: 0.19999999999999998
Pivot to target angle: 0.0
Cosine bend angle: 1.0
Bend angle: 0.0
Second pivot angle: 0.0
Wrist angle: 0.0
Pivot height: 0.0
]]></system-out>
  <system-err><![CDATA[]]></system-err>
</testsuite>
